Start testing: Nov 03 14:47 -05
----------------------------------------------------------
Unable to find executable: hello_test_NOT_BUILT
1/1 Testing: hello_test_NOT_BUILT
1/1 Test: hello_test_NOT_BUILT
Command: ""
Directory: /home/fabiola/Desktop/VI/1.TO/II/TO-ASSERTS-PruebasGoogle/2.tarea_pila_circular_insert/build
"hello_test_NOT_BUILT" start time: 
Output:
----------------------------------------------------------
<end of output>
Test time =   0.00 sec
----------------------------------------------------------
Test Passed.
"hello_test_NOT_BUILT" end time: Nov 03 14:47 -05
"hello_test_NOT_BUILT" time elapsed: 00:00:00
----------------------------------------------------------

End testing: Nov 03 14:47 -05
