Start testing: Nov 03 10:06 -05
----------------------------------------------------------
1/1 Testing: LisTest.Assertion1
1/1 Test: LisTest.Assertion1
Command: "/home/fabiola/Desktop/VI/1.TO/II/2.tarea_pila_circular_insert/build/hello_test" "--gtest_filter=LisTest.Assertion1" "--gtest_also_run_disabled_tests"
Directory: /home/fabiola/Desktop/VI/1.TO/II/2.tarea_pila_circular_insert/build
"LisTest.Assertion1" start time: Nov 03 10:06 -05
Output:
----------------------------------------------------------
Running main() from /home/fabiola/Desktop/VI/1.TO/II/2.tarea_pila_circular_insert/build/_deps/googletest-src/googletest/src/gtest_main.cc
Note: Google Test filter = LisTest.Assertion1
[==========] Running 1 test from 1 test suite.
[----------] Global test environment set-up.
[----------] 1 test from LisTest
[ RUN      ] LisTest.Assertion1
[       OK ] LisTest.Assertion1 (0 ms)
[----------] 1 test from LisTest (0 ms total)

[----------] Global test environment tear-down
[==========] 1 test from 1 test suite ran. (0 ms total)
[  PASSED  ] 1 test.
<end of output>
Test time =   0.00 sec
----------------------------------------------------------
Test Passed.
"LisTest.Assertion1" end time: Nov 03 10:06 -05
"LisTest.Assertion1" time elapsed: 00:00:00
----------------------------------------------------------

End testing: Nov 03 10:06 -05
